<?xml version="1.0" encoding="UTF-8"?>
<testsuite name="Automation Test"
           tests="7"
           failures="0"
           errors="0"
           skipped="0"
           time="71.341">
  <properties />
  
  
            <testcase name="verifyThatUserShouldLogInSuccessFullyWithValidCredentials" time="14.326" classname="com.automation.testsuite.SignPageTest" />
                <testcase name="verifyTheErrorMessageWithInValidCredentials" time="8.168" classname="com.automation.testsuite.SignPageTest" />
                <testcase name="verifyTheErrorMessageWithInValidCredentials" time="4.926" classname="com.automation.testsuite.SignPageTest" />
                <testcase name="VerifyThatUserShouldLogOutSuccessFully" time="13.094" classname="com.automation.testsuite.SignPageTest" />
                <testcase name="userShouldNavigateToSignInPageSuccessFully" time="3.851" classname="com.automation.testsuite.SignPageTest" />
                <testcase name="verifyTheErrorMessageWithInValidCredentials" time="22.917" classname="com.automation.testsuite.SignPageTest" />
                <testcase name="verifyTheErrorMessageWithInValidCredentials" time="4.059" classname="com.automation.testsuite.SignPageTest" />
      
</testsuite>
